<?xml version="1.0" encoding="UTF-8"?>
<!-- Generated by org.testng.reporters.JUnitReportReporter -->
<testsuite hostname="Prakhers-MacBook-Air.local" failures="0" tests="2" name="testpractice.test.errorValidation" time="32.735" errors="0" timestamp="2025-04-05T17:46:44 IST" skipped="0">
  <testcase classname="testpractice.test.errorValidation" name="submitOrder" time="11.236"/>
  <testcase classname="testpractice.test.errorValidation" name="productValidation" time="21.499"/>
</testsuite> <!-- testpractice.test.errorValidation -->
