<?xml version="1.0" encoding="UTF-8"?>
<!-- Generated by org.testng.reporters.JUnitReportReporter -->
<testsuite hostname="Prakhers-MacBook-Air.local" failures="0" tests="1" name="testpractice.test.errorValidation" time="11.589" errors="0" timestamp="2025-04-05T15:10:02 IST" skipped="0">
  <testcase classname="testpractice.test.errorValidation" name="submitOrder" time="11.589"/>
</testsuite> <!-- testpractice.test.errorValidation -->
