<?xml version="1.0" encoding="UTF-8"?>
<!-- Generated by org.testng.reporters.JUnitReportReporter -->
<testsuite hostname="Prakhers-MacBook-Air.local" failures="0" tests="1" name="testpractice.test.errorValidation" time="22.595" errors="0" timestamp="2025-08-19T23:35:03 IST" skipped="0">
  <testcase classname="testpractice.test.errorValidation" name="productValidation" time="22.595"/>
</testsuite> <!-- testpractice.test.errorValidation -->
